# JRE version: OpenJDK Runtime Environment (11.0.10) (build 11.0.10+0-b96-7249189)
# Java VM: OpenJDK 64-Bit Server VM (11.0.10+0-b96-7249189, mixed mode, tiered, compressed oops, g1 gc, windows-amd64)
Heap:
 garbage-first heap   total 273408K, used 189239K [0x0000000080000000, 0x0000000100000000)
  region size 1024K, 26 young (26624K), 12 survivors (12288K)
 Metaspace       used 88592K, capacity 90806K, committed 91340K, reserved 1128448K
  class space    used 11453K, capacity 12252K, committed 12492K, reserved 1048576K
GC Heap History (20 events):
Event: 3.805 GC heap before
{Heap before GC invocations=12 (full 0):
 garbage-first heap   total 189440K, used 55088K [0x0000000080000000, 0x0000000100000000)
  region size 1024K, 13 young (13312K), 3 survivors (3072K)
 Metaspace       used 58517K, capacity 60042K, committed 60236K, reserved 1101824K
  class space    used 7442K, capacity 7981K, committed 8012K, reserved 1048576K
}
Event: 3.811 GC heap after
{Heap after GC invocations=13 (full 0):
 garbage-first heap   total 189440K, used 46779K [0x0000000080000000, 0x0000000100000000)
  region size 1024K, 4 young (4096K), 4 survivors (4096K)
 Metaspace       used 58517K, capacity 60042K, committed 60236K, reserved 1101824K
  class space    used 7442K, capacity 7981K, committed 8012K, reserved 1048576K
}
Event: 4.278 GC heap before
{Heap before GC invocations=14 (full 0):
 garbage-first heap   total 189440K, used 121531K [0x0000000080000000, 0x0000000100000000)
  region size 1024K, 77 young (78848K), 4 survivors (4096K)
 Metaspace       used 63292K, capacity 64901K, committed 65100K, reserved 1105920K
  class space    used 8073K, capacity 8645K, committed 8780K, reserved 1048576K
}
Event: 4.292 GC heap after
{Heap after GC invocations=15 (full 0):
 garbage-first heap   total 189440K, used 52912K [0x0000000080000000, 0x0000000100000000)
  region size 1024K, 10 young (10240K), 10 survivors (10240K)
 Metaspace       used 63292K, capacity 64901K, committed 65100K, reserved 1105920K
  class space    used 8073K, capacity 8645K, committed 8780K, reserved 1048576K
}
Event: 4.789 GC heap before
{Heap before GC invocations=16 (full 0):
 garbage-first heap   total 189440K, used 127664K [0x0000000080000000, 0x0000000100000000)
  region size 1024K, 83 young (84992K), 10 survivors (10240K)
 Metaspace       used 68951K, capacity 70596K, committed 70860K, reserved 1110016K
  class space    used 8945K, capacity 9549K, committed 9676K, reserved 1048576K
}
Event: 4.801 GC heap after
{Heap after GC invocations=17 (full 0):
 garbage-first heap   total 189440K, used 58181K [0x0000000080000000, 0x0000000100000000)
  region size 1024K, 6 young (6144K), 6 survivors (6144K)
 Metaspace       used 68951K, capacity 70596K, committed 70860K, reserved 1110016K
  class space    used 8945K, capacity 9549K, committed 9676K, reserved 1048576K
}
Event: 5.343 GC heap before
{Heap before GC invocations=17 (full 0):
 garbage-first heap   total 189440K, used 133957K [0x0000000080000000, 0x0000000100000000)
  region size 1024K, 80 young (81920K), 6 survivors (6144K)
 Metaspace       used 75748K, capacity 77580K, committed 77644K, reserved 1116160K
  class space    used 9896K, capacity 10536K, committed 10572K, reserved 1048576K
}
Event: 5.352 GC heap after
{Heap after GC invocations=18 (full 0):
 garbage-first heap   total 227328K, used 62511K [0x0000000080000000, 0x0000000100000000)
  region size 1024K, 10 young (10240K), 10 survivors (10240K)
 Metaspace       used 75748K, capacity 77580K, committed 77644K, reserved 1116160K
  class space    used 9896K, capacity 10536K, committed 10572K, reserved 1048576K
}
Event: 6.124 GC heap before
{Heap before GC invocations=18 (full 0):
 garbage-first heap   total 227328K, used 173103K [0x0000000080000000, 0x0000000100000000)
  region size 1024K, 119 young (121856K), 10 survivors (10240K)
 Metaspace       used 79872K, capacity 82091K, committed 82252K, reserved 1120256K
  class space    used 10464K, capacity 11275K, committed 11340K, reserved 1048576K
}
Event: 6.136 GC heap after
{Heap after GC invocations=19 (full 0):
 garbage-first heap   total 227328K, used 71717K [0x0000000080000000, 0x0000000100000000)
  region size 1024K, 14 young (14336K), 14 survivors (14336K)
 Metaspace       used 79872K, capacity 82091K, committed 82252K, reserved 1120256K
  class space    used 10464K, capacity 11275K, committed 11340K, reserved 1048576K
}
Event: 6.490 GC heap before
{Heap before GC invocations=19 (full 0):
 garbage-first heap   total 227328K, used 168997K [0x0000000080000000, 0x0000000100000000)
  region size 1024K, 110 young (112640K), 14 survivors (14336K)
 Metaspace       used 80642K, capacity 82916K, committed 83020K, reserved 1120256K
  class space    used 10514K, capacity 11336K, committed 11340K, reserved 1048576K
}
Event: 6.505 GC heap after
{Heap after GC invocations=20 (full 0):
 garbage-first heap   total 227328K, used 77581K [0x0000000080000000, 0x0000000100000000)
  region size 1024K, 7 young (7168K), 7 survivors (7168K)
 Metaspace       used 80642K, capacity 82916K, committed 83020K, reserved 1120256K
  class space    used 10514K, capacity 11336K, committed 11340K, reserved 1048576K
}
Event: 6.783 GC heap before
{Heap before GC invocations=20 (full 0):
 garbage-first heap   total 227328K, used 174861K [0x0000000080000000, 0x0000000100000000)
  region size 1024K, 103 young (105472K), 7 survivors (7168K)
 Metaspace       used 82519K, capacity 84791K, committed 85068K, reserved 1122304K
  class space    used 10717K, capacity 11535K, committed 11596K, reserved 1048576K
}
Event: 6.794 GC heap after
{Heap after GC invocations=21 (full 0):
 garbage-first heap   total 227328K, used 81818K [0x0000000080000000, 0x0000000100000000)
  region size 1024K, 11 young (11264K), 11 survivors (11264K)
 Metaspace       used 82519K, capacity 84791K, committed 85068K, reserved 1122304K
  class space    used 10717K, capacity 11535K, committed 11596K, reserved 1048576K
}
Event: 6.993 GC heap before
{Heap before GC invocations=21 (full 0):
 garbage-first heap   total 227328K, used 178074K [0x0000000080000000, 0x0000000100000000)
  region size 1024K, 106 young (108544K), 11 survivors (11264K)
 Metaspace       used 84212K, capacity 86430K, committed 86604K, reserved 1124352K
  class space    used 10933K, capacity 11759K, committed 11852K, reserved 1048576K
}
Event: 7.002 GC heap after
{Heap after GC invocations=22 (full 0):
 garbage-first heap   total 273408K, used 85073K [0x0000000080000000, 0x0000000100000000)
  region size 1024K, 9 young (9216K), 9 survivors (9216K)
 Metaspace       used 84212K, capacity 86430K, committed 86604K, reserved 1124352K
  class space    used 10933K, capacity 11759K, committed 11852K, reserved 1048576K
}
Event: 7.288 GC heap before
{Heap before GC invocations=22 (full 0):
 garbage-first heap   total 273408K, used 199761K [0x0000000080000000, 0x0000000100000000)
  region size 1024K, 78 young (79872K), 9 survivors (9216K)
 Metaspace       used 88561K, capacity 90813K, committed 90956K, reserved 1128448K
  class space    used 11502K, capacity 12326K, committed 12364K, reserved 1048576K
}
Event: 7.302 GC heap after
{Heap after GC invocations=23 (full 0):
 garbage-first heap   total 273408K, used 136967K [0x0000000080000000, 0x0000000100000000)
  region size 1024K, 17 young (17408K), 17 survivors (17408K)
 Metaspace       used 88561K, capacity 90813K, committed 90956K, reserved 1128448K
  class space    used 11502K, capacity 12326K, committed 12364K, reserved 1048576K
}
Event: 7.471 GC heap before
{Heap before GC invocations=24 (full 0):
 garbage-first heap   total 273408K, used 214791K [0x0000000080000000, 0x0000000100000000)
  region size 1024K, 65 young (66560K), 17 survivors (17408K)
 Metaspace       used 88560K, capacity 90701K, committed 91340K, reserved 1128448K
  class space    used 11447K, capacity 12217K, committed 12492K, reserved 1048576K
}
Event: 7.521 GC heap after
{Heap after GC invocations=25 (full 0):
 garbage-first heap   total 273408K, used 172855K [0x0000000080000000, 0x0000000100000000)
  region size 1024K, 12 young (12288K), 12 survivors (12288K)
 Metaspace       used 88560K, capacity 90701K, committed 91340K, reserved 1128448K
  class space    used 11447K, capacity 12217K, committed 12492K, reserved 1048576K
}

