# JRE version: OpenJDK Runtime Environment (11.0.10) (build 11.0.10+0-b96-7249189)
# Java VM: OpenJDK 64-Bit Server VM (11.0.10+0-b96-7249189, mixed mode, tiered, compressed oops, g1 gc, windows-amd64)
Heap:
 garbage-first heap   total 273408K, used 190317K [0x0000000080000000, 0x0000000100000000)
  region size 1024K, 22 young (22528K), 3 survivors (3072K)
 Metaspace       used 91506K, capacity 93727K, committed 94080K, reserved 1130496K
  class space    used 11788K, capacity 12632K, committed 12748K, reserved 1048576K
GC Heap History (20 events):
Event: 4.833 GC heap before
{Heap before GC invocations=14 (full 0):
 garbage-first heap   total 189440K, used 122088K [0x0000000080000000, 0x0000000100000000)
  region size 1024K, 77 young (78848K), 7 survivors (7168K)
 Metaspace       used 68595K, capacity 70215K, committed 70400K, reserved 1110016K
  class space    used 8894K, capacity 9510K, committed 9548K, reserved 1048576K
}
Event: 4.842 GC heap after
{Heap after GC invocations=15 (full 0):
 garbage-first heap   total 189440K, used 55838K [0x0000000080000000, 0x0000000100000000)
  region size 1024K, 10 young (10240K), 10 survivors (10240K)
 Metaspace       used 68595K, capacity 70215K, committed 70400K, reserved 1110016K
  class space    used 8894K, capacity 9510K, committed 9548K, reserved 1048576K
}
Event: 5.251 GC heap before
{Heap before GC invocations=15 (full 0):
 garbage-first heap   total 189440K, used 128542K [0x0000000080000000, 0x0000000100000000)
  region size 1024K, 81 young (82944K), 10 survivors (10240K)
 Metaspace       used 72962K, capacity 74774K, committed 75008K, reserved 1114112K
  class space    used 9564K, capacity 10204K, committed 10316K, reserved 1048576K
}
Event: 5.260 GC heap after
{Heap after GC invocations=16 (full 0):
 garbage-first heap   total 189440K, used 60536K [0x0000000080000000, 0x0000000100000000)
  region size 1024K, 10 young (10240K), 10 survivors (10240K)
 Metaspace       used 72962K, capacity 74774K, committed 75008K, reserved 1114112K
  class space    used 9564K, capacity 10204K, committed 10316K, reserved 1048576K
}
Event: 5.880 GC heap before
{Heap before GC invocations=16 (full 0):
 garbage-first heap   total 189440K, used 133240K [0x0000000080000000, 0x0000000100000000)
  region size 1024K, 81 young (82944K), 10 survivors (10240K)
 Metaspace       used 78646K, capacity 80575K, committed 80768K, reserved 1120256K
  class space    used 10271K, capacity 10947K, committed 10956K, reserved 1048576K
}
Event: 5.890 GC heap after
{Heap after GC invocations=17 (full 0):
 garbage-first heap   total 189440K, used 67398K [0x0000000080000000, 0x0000000100000000)
  region size 1024K, 11 young (11264K), 11 survivors (11264K)
 Metaspace       used 78646K, capacity 80575K, committed 80768K, reserved 1120256K
  class space    used 10271K, capacity 10947K, committed 10956K, reserved 1048576K
}
Event: 6.215 GC heap before
{Heap before GC invocations=17 (full 0):
 garbage-first heap   total 189440K, used 138054K [0x0000000080000000, 0x0000000100000000)
  region size 1024K, 81 young (82944K), 11 survivors (11264K)
 Metaspace       used 79923K, capacity 82090K, committed 82432K, reserved 1120256K
  class space    used 10451K, capacity 11230K, committed 11340K, reserved 1048576K
}
Event: 6.225 GC heap after
{Heap after GC invocations=18 (full 0):
 garbage-first heap   total 227328K, used 73351K [0x0000000080000000, 0x0000000100000000)
  region size 1024K, 6 young (6144K), 6 survivors (6144K)
 Metaspace       used 79923K, capacity 82090K, committed 82432K, reserved 1120256K
  class space    used 10451K, capacity 11230K, committed 11340K, reserved 1048576K
}
Event: 6.712 GC heap before
{Heap before GC invocations=18 (full 0):
 garbage-first heap   total 227328K, used 157319K [0x0000000080000000, 0x0000000100000000)
  region size 1024K, 89 young (91136K), 6 survivors (6144K)
 Metaspace       used 83106K, capacity 85347K, committed 85504K, reserved 1124352K
  class space    used 10739K, capacity 11563K, committed 11596K, reserved 1048576K
}
Event: 6.721 GC heap after
{Heap after GC invocations=19 (full 0):
 garbage-first heap   total 227328K, used 76437K [0x0000000080000000, 0x0000000100000000)
  region size 1024K, 9 young (9216K), 9 survivors (9216K)
 Metaspace       used 83106K, capacity 85347K, committed 85504K, reserved 1124352K
  class space    used 10739K, capacity 11563K, committed 11596K, reserved 1048576K
}
Event: 7.146 GC heap before
{Heap before GC invocations=19 (full 0):
 garbage-first heap   total 227328K, used 168597K [0x0000000080000000, 0x0000000100000000)
  region size 1024K, 100 young (102400K), 9 survivors (9216K)
 Metaspace       used 87096K, capacity 89330K, committed 89600K, reserved 1126400K
  class space    used 11239K, capacity 12055K, committed 12108K, reserved 1048576K
}
Event: 7.154 GC heap after
{Heap after GC invocations=20 (full 0):
 garbage-first heap   total 227328K, used 81036K [0x0000000080000000, 0x0000000100000000)
  region size 1024K, 9 young (9216K), 9 survivors (9216K)
 Metaspace       used 87096K, capacity 89330K, committed 89600K, reserved 1126400K
  class space    used 11239K, capacity 12055K, committed 12108K, reserved 1048576K
}
Event: 7.434 GC heap before
{Heap before GC invocations=20 (full 0):
 garbage-first heap   total 227328K, used 181388K [0x0000000080000000, 0x0000000100000000)
  region size 1024K, 100 young (102400K), 9 survivors (9216K)
 Metaspace       used 87657K, capacity 89869K, committed 90240K, reserved 1128448K
  class space    used 11302K, capacity 12097K, committed 12236K, reserved 1048576K
}
Event: 7.446 GC heap after
{Heap after GC invocations=21 (full 0):
 garbage-first heap   total 227328K, used 86960K [0x0000000080000000, 0x0000000100000000)
  region size 1024K, 11 young (11264K), 11 survivors (11264K)
 Metaspace       used 87657K, capacity 89869K, committed 90240K, reserved 1128448K
  class space    used 11302K, capacity 12097K, committed 12236K, reserved 1048576K
}
Event: 7.740 GC heap before
{Heap before GC invocations=21 (full 0):
 garbage-first heap   total 227328K, used 183216K [0x0000000080000000, 0x0000000100000000)
  region size 1024K, 101 young (103424K), 11 survivors (11264K)
 Metaspace       used 88738K, capacity 91083K, committed 91392K, reserved 1128448K
  class space    used 11414K, capacity 12242K, committed 12364K, reserved 1048576K
}
Event: 7.751 GC heap after
{Heap after GC invocations=22 (full 0):
 garbage-first heap   total 227328K, used 95341K [0x0000000080000000, 0x0000000100000000)
  region size 1024K, 10 young (10240K), 10 survivors (10240K)
 Metaspace       used 88738K, capacity 91083K, committed 91392K, reserved 1128448K
  class space    used 11414K, capacity 12242K, committed 12364K, reserved 1048576K
}
Event: 7.935 GC heap before
{Heap before GC invocations=22 (full 0):
 garbage-first heap   total 227328K, used 132205K [0x0000000080000000, 0x0000000100000000)
  region size 1024K, 32 young (32768K), 10 survivors (10240K)
 Metaspace       used 89099K, capacity 91465K, committed 91648K, reserved 1128448K
  class space    used 11467K, capacity 12350K, committed 12364K, reserved 1048576K
}
Event: 7.943 GC heap after
{Heap after GC invocations=23 (full 0):
 garbage-first heap   total 273408K, used 119808K [0x0000000080000000, 0x0000000100000000)
  region size 1024K, 12 young (12288K), 12 survivors (12288K)
 Metaspace       used 89099K, capacity 91465K, committed 91648K, reserved 1128448K
  class space    used 11467K, capacity 12350K, committed 12364K, reserved 1048576K
}
Event: 8.119 GC heap before
{Heap before GC invocations=24 (full 0):
 garbage-first heap   total 273408K, used 144384K [0x0000000080000000, 0x0000000100000000)
  region size 1024K, 24 young (24576K), 12 survivors (12288K)
 Metaspace       used 91331K, capacity 93558K, committed 94080K, reserved 1130496K
  class space    used 11764K, capacity 12597K, committed 12748K, reserved 1048576K
}
Event: 8.128 GC heap after
{Heap after GC invocations=25 (full 0):
 garbage-first heap   total 273408K, used 131949K [0x0000000080000000, 0x0000000100000000)
  region size 1024K, 3 young (3072K), 3 survivors (3072K)
 Metaspace       used 91331K, capacity 93558K, committed 94080K, reserved 1130496K
  class space    used 11764K, capacity 12597K, committed 12748K, reserved 1048576K
}

