# JRE version: OpenJDK Runtime Environment (11.0.10) (build 11.0.10+0-b96-7249189)
# Java VM: OpenJDK 64-Bit Server VM (11.0.10+0-b96-7249189, mixed mode, tiered, compressed oops, g1 gc, windows-amd64)
Heap:
 garbage-first heap   total 414720K, used 208706K [0x0000000080000000, 0x0000000100000000)
  region size 1024K, 5 young (5120K), 5 survivors (5120K)
 Metaspace       used 88630K, capacity 90824K, committed 91264K, reserved 1128448K
  class space    used 11468K, capacity 12252K, committed 12492K, reserved 1048576K
GC Heap History (20 events):
Event: 5.390 GC heap after
{Heap after GC invocations=16 (full 0):
 garbage-first heap   total 189440K, used 61318K [0x0000000080000000, 0x0000000100000000)
  region size 1024K, 11 young (11264K), 11 survivors (11264K)
 Metaspace       used 74539K, capacity 76264K, committed 76416K, reserved 1116160K
  class space    used 9757K, capacity 10374K, committed 10444K, reserved 1048576K
}
Event: 5.993 GC heap before
{Heap before GC invocations=16 (full 0):
 garbage-first heap   total 189440K, used 136070K [0x0000000080000000, 0x0000000100000000)
  region size 1024K, 84 young (86016K), 11 survivors (11264K)
 Metaspace       used 79209K, capacity 81311K, committed 81536K, reserved 1120256K
  class space    used 10394K, capacity 11168K, committed 11212K, reserved 1048576K
}
Event: 6.003 GC heap after
{Heap after GC invocations=17 (full 0):
 garbage-first heap   total 189440K, used 67493K [0x0000000080000000, 0x0000000100000000)
  region size 1024K, 11 young (11264K), 11 survivors (11264K)
 Metaspace       used 79209K, capacity 81311K, committed 81536K, reserved 1120256K
  class space    used 10394K, capacity 11168K, committed 11212K, reserved 1048576K
}
Event: 6.322 GC heap before
{Heap before GC invocations=17 (full 0):
 garbage-first heap   total 189440K, used 140197K [0x0000000080000000, 0x0000000100000000)
  region size 1024K, 83 young (84992K), 11 survivors (11264K)
 Metaspace       used 80026K, capacity 82227K, committed 82432K, reserved 1120256K
  class space    used 10461K, capacity 11266K, committed 11340K, reserved 1048576K
}
Event: 6.331 GC heap after
{Heap after GC invocations=18 (full 0):
 garbage-first heap   total 227328K, used 72522K [0x0000000080000000, 0x0000000100000000)
  region size 1024K, 6 young (6144K), 6 survivors (6144K)
 Metaspace       used 80026K, capacity 82227K, committed 82432K, reserved 1120256K
  class space    used 10461K, capacity 11266K, committed 11340K, reserved 1048576K
}
Event: 6.703 GC heap before
{Heap before GC invocations=18 (full 0):
 garbage-first heap   total 227328K, used 158538K [0x0000000080000000, 0x0000000100000000)
  region size 1024K, 91 young (93184K), 6 survivors (6144K)
 Metaspace       used 80696K, capacity 82901K, committed 82944K, reserved 1120256K
  class space    used 10515K, capacity 11325K, committed 11340K, reserved 1048576K
}
Event: 6.712 GC heap after
{Heap after GC invocations=19 (full 0):
 garbage-first heap   total 227328K, used 77287K [0x0000000080000000, 0x0000000100000000)
  region size 1024K, 10 young (10240K), 10 survivors (10240K)
 Metaspace       used 80696K, capacity 82901K, committed 82944K, reserved 1120256K
  class space    used 10515K, capacity 11325K, committed 11340K, reserved 1048576K
}
Event: 7.013 GC heap before
{Heap before GC invocations=19 (full 0):
 garbage-first heap   total 227328K, used 171495K [0x0000000080000000, 0x0000000100000000)
  region size 1024K, 103 young (105472K), 10 survivors (10240K)
 Metaspace       used 82677K, capacity 84877K, committed 84992K, reserved 1122304K
  class space    used 10737K, capacity 11559K, committed 11596K, reserved 1048576K
}
Event: 7.024 GC heap after
{Heap after GC invocations=20 (full 0):
 garbage-first heap   total 227328K, used 81556K [0x0000000080000000, 0x0000000100000000)
  region size 1024K, 10 young (10240K), 10 survivors (10240K)
 Metaspace       used 82677K, capacity 84877K, committed 84992K, reserved 1122304K
  class space    used 10737K, capacity 11559K, committed 11596K, reserved 1048576K
}
Event: 7.318 GC heap before
{Heap before GC invocations=20 (full 0):
 garbage-first heap   total 227328K, used 175764K [0x0000000080000000, 0x0000000100000000)
  region size 1024K, 103 young (105472K), 10 survivors (10240K)
 Metaspace       used 84927K, capacity 87222K, committed 87424K, reserved 1124352K
  class space    used 11024K, capacity 11847K, committed 11980K, reserved 1048576K
}
Event: 7.330 GC heap after
{Heap after GC invocations=21 (full 0):
 garbage-first heap   total 227328K, used 85135K [0x0000000080000000, 0x0000000100000000)
  region size 1024K, 8 young (8192K), 8 survivors (8192K)
 Metaspace       used 84927K, capacity 87222K, committed 87424K, reserved 1124352K
  class space    used 11024K, capacity 11847K, committed 11980K, reserved 1048576K
}
Event: 7.527 GC heap before
{Heap before GC invocations=21 (full 0):
 garbage-first heap   total 227328K, used 142479K [0x0000000080000000, 0x0000000100000000)
  region size 1024K, 44 young (45056K), 8 survivors (8192K)
 Metaspace       used 85986K, capacity 88286K, committed 88448K, reserved 1126400K
  class space    used 11129K, capacity 11965K, committed 11980K, reserved 1048576K
}
Event: 7.541 GC heap after
{Heap after GC invocations=22 (full 0):
 garbage-first heap   total 273408K, used 118784K [0x0000000080000000, 0x0000000100000000)
  region size 1024K, 13 young (13312K), 13 survivors (13312K)
 Metaspace       used 85986K, capacity 88286K, committed 88448K, reserved 1126400K
  class space    used 11129K, capacity 11965K, committed 11980K, reserved 1048576K
}
Event: 7.775 GC heap before
{Heap before GC invocations=23 (full 0):
 garbage-first heap   total 273408K, used 163840K [0x0000000080000000, 0x0000000100000000)
  region size 1024K, 42 young (43008K), 13 survivors (13312K)
 Metaspace       used 88368K, capacity 90525K, committed 90880K, reserved 1128448K
  class space    used 11442K, capacity 12217K, committed 12364K, reserved 1048576K
}
Event: 7.788 GC heap after
{Heap after GC invocations=24 (full 0):
 garbage-first heap   total 273408K, used 133182K [0x0000000080000000, 0x0000000100000000)
  region size 1024K, 4 young (4096K), 4 survivors (4096K)
 Metaspace       used 88368K, capacity 90525K, committed 90880K, reserved 1128448K
  class space    used 11442K, capacity 12217K, committed 12364K, reserved 1048576K
}
Event: 7.979 GC heap before
{Heap before GC invocations=25 (full 0):
 garbage-first heap   total 273408K, used 217150K [0x0000000080000000, 0x0000000100000000)
  region size 1024K, 52 young (53248K), 4 survivors (4096K)
 Metaspace       used 88623K, capacity 90824K, committed 91264K, reserved 1128448K
  class space    used 11468K, capacity 12252K, committed 12492K, reserved 1048576K
}
Event: 8.013 GC heap after
{Heap after GC invocations=26 (full 0):
 garbage-first heap   total 273408K, used 173351K [0x0000000080000000, 0x0000000100000000)
  region size 1024K, 8 young (8192K), 8 survivors (8192K)
 Metaspace       used 88623K, capacity 90824K, committed 91264K, reserved 1128448K
  class space    used 11468K, capacity 12252K, committed 12492K, reserved 1048576K
}
Event: 8.150 GC heap before
{Heap before GC invocations=27 (full 0):
 garbage-first heap   total 273408K, used 211239K [0x0000000080000000, 0x0000000100000000)
  region size 1024K, 43 young (44032K), 8 survivors (8192K)
 Metaspace       used 88630K, capacity 90824K, committed 91264K, reserved 1128448K
  class space    used 11468K, capacity 12252K, committed 12492K, reserved 1048576K
}
Event: 8.175 GC heap after
{Heap after GC invocations=28 (full 0):
 garbage-first heap   total 273408K, used 189201K [0x0000000080000000, 0x0000000100000000)
  region size 1024K, 6 young (6144K), 6 survivors (6144K)
 Metaspace       used 88630K, capacity 90824K, committed 91264K, reserved 1128448K
  class space    used 11468K, capacity 12252K, committed 12492K, reserved 1048576K
}
Event: 8.328 GC heap before
{Heap before GC invocations=29 (full 0):
 garbage-first heap   total 273408K, used 224017K [0x0000000080000000, 0x0000000100000000)
  region size 1024K, 36 young (36864K), 6 survivors (6144K)
 Metaspace       used 88630K, capacity 90824K, committed 91264K, reserved 1128448K
  class space    used 11468K, capacity 12252K, committed 12492K, reserved 1048576K
}

