# JRE version: OpenJDK Runtime Environment (11.0.10) (build 11.0.10+0-b96-7249189)
# Java VM: OpenJDK 64-Bit Server VM (11.0.10+0-b96-7249189, mixed mode, tiered, compressed oops, g1 gc, windows-amd64)
Heap:
 garbage-first heap   total 273408K, used 166835K [0x0000000080000000, 0x0000000100000000)
  region size 1024K, 65 young (66560K), 6 survivors (6144K)
 Metaspace       used 86254K, capacity 88518K, committed 88704K, reserved 1126400K
  class space    used 11058K, capacity 11861K, committed 11980K, reserved 1048576K
GC Heap History (20 events):
Event: 3.759 GC heap before
{Heap before GC invocations=10 (full 0):
 garbage-first heap   total 157696K, used 114169K [0x0000000080000000, 0x0000000100000000)
  region size 1024K, 87 young (89088K), 10 survivors (10240K)
 Metaspace       used 55503K, capacity 56916K, committed 57036K, reserved 1099776K
  class space    used 7042K, capacity 7530K, committed 7628K, reserved 1048576K
}
Event: 3.770 GC heap after
{Heap after GC invocations=11 (full 0):
 garbage-first heap   total 157696K, used 43349K [0x0000000080000000, 0x0000000100000000)
  region size 1024K, 11 young (11264K), 11 survivors (11264K)
 Metaspace       used 55503K, capacity 56916K, committed 57036K, reserved 1099776K
  class space    used 7042K, capacity 7530K, committed 7628K, reserved 1048576K
}
Event: 4.218 GC heap before
{Heap before GC invocations=11 (full 0):
 garbage-first heap   total 157696K, used 61781K [0x0000000080000000, 0x0000000100000000)
  region size 1024K, 30 young (30720K), 11 survivors (11264K)
 Metaspace       used 58695K, capacity 60132K, committed 60288K, reserved 1101824K
  class space    used 7463K, capacity 8047K, committed 8140K, reserved 1048576K
}
Event: 4.232 GC heap after
{Heap after GC invocations=12 (full 0):
 garbage-first heap   total 189440K, used 45912K [0x0000000080000000, 0x0000000100000000)
  region size 1024K, 3 young (3072K), 3 survivors (3072K)
 Metaspace       used 58695K, capacity 60132K, committed 60288K, reserved 1101824K
  class space    used 7463K, capacity 8047K, committed 8140K, reserved 1048576K
}
Event: 4.898 GC heap before
{Heap before GC invocations=13 (full 0):
 garbage-first heap   total 189440K, used 109400K [0x0000000080000000, 0x0000000100000000)
  region size 1024K, 65 young (66560K), 3 survivors (3072K)
 Metaspace       used 63288K, capacity 64837K, committed 65024K, reserved 1105920K
  class space    used 8077K, capacity 8659K, committed 8780K, reserved 1048576K
}
Event: 4.906 GC heap after
{Heap after GC invocations=14 (full 0):
 garbage-first heap   total 189440K, used 50056K [0x0000000080000000, 0x0000000100000000)
  region size 1024K, 7 young (7168K), 7 survivors (7168K)
 Metaspace       used 63288K, capacity 64837K, committed 65024K, reserved 1105920K
  class space    used 8077K, capacity 8659K, committed 8780K, reserved 1048576K
}
Event: 5.648 GC heap before
{Heap before GC invocations=14 (full 0):
 garbage-first heap   total 189440K, used 116616K [0x0000000080000000, 0x0000000100000000)
  region size 1024K, 72 young (73728K), 7 survivors (7168K)
 Metaspace       used 68584K, capacity 70197K, committed 70400K, reserved 1110016K
  class space    used 8904K, capacity 9500K, committed 9548K, reserved 1048576K
}
Event: 5.658 GC heap after
{Heap after GC invocations=15 (full 0):
 garbage-first heap   total 189440K, used 55458K [0x0000000080000000, 0x0000000100000000)
  region size 1024K, 6 young (6144K), 6 survivors (6144K)
 Metaspace       used 68584K, capacity 70197K, committed 70400K, reserved 1110016K
  class space    used 8904K, capacity 9500K, committed 9548K, reserved 1048576K
}
Event: 6.564 GC heap before
{Heap before GC invocations=15 (full 0):
 garbage-first heap   total 189440K, used 124066K [0x0000000080000000, 0x0000000100000000)
  region size 1024K, 73 young (74752K), 6 survivors (6144K)
 Metaspace       used 71974K, capacity 73735K, committed 73984K, reserved 1114112K
  class space    used 9372K, capacity 10005K, committed 10060K, reserved 1048576K
}
Event: 6.577 GC heap after
{Heap after GC invocations=16 (full 0):
 garbage-first heap   total 189440K, used 59862K [0x0000000080000000, 0x0000000100000000)
  region size 1024K, 10 young (10240K), 10 survivors (10240K)
 Metaspace       used 71974K, capacity 73735K, committed 73984K, reserved 1114112K
  class space    used 9372K, capacity 10005K, committed 10060K, reserved 1048576K
}
Event: 8.242 GC heap before
{Heap before GC invocations=16 (full 0):
 garbage-first heap   total 189440K, used 129494K [0x0000000080000000, 0x0000000100000000)
  region size 1024K, 79 young (80896K), 10 survivors (10240K)
 Metaspace       used 78657K, capacity 80658K, committed 80896K, reserved 1120256K
  class space    used 10319K, capacity 11015K, committed 11084K, reserved 1048576K
}
Event: 8.266 GC heap after
{Heap after GC invocations=17 (full 0):
 garbage-first heap   total 227328K, used 65226K [0x0000000080000000, 0x0000000100000000)
  region size 1024K, 10 young (10240K), 10 survivors (10240K)
 Metaspace       used 78657K, capacity 80658K, committed 80896K, reserved 1120256K
  class space    used 10319K, capacity 11015K, committed 11084K, reserved 1048576K
}
Event: 9.661 GC heap before
{Heap before GC invocations=17 (full 0):
 garbage-first heap   total 227328K, used 153290K [0x0000000080000000, 0x0000000100000000)
  region size 1024K, 97 young (99328K), 10 survivors (10240K)
 Metaspace       used 80270K, capacity 82415K, committed 82688K, reserved 1120256K
  class space    used 10462K, capacity 11253K, committed 11340K, reserved 1048576K
}
Event: 9.677 GC heap after
{Heap after GC invocations=18 (full 0):
 garbage-first heap   total 227328K, used 71385K [0x0000000080000000, 0x0000000100000000)
  region size 1024K, 12 young (12288K), 12 survivors (12288K)
 Metaspace       used 80270K, capacity 82415K, committed 82688K, reserved 1120256K
  class space    used 10462K, capacity 11253K, committed 11340K, reserved 1048576K
}
Event: 11.038 GC heap before
{Heap before GC invocations=18 (full 0):
 garbage-first heap   total 227328K, used 159449K [0x0000000080000000, 0x0000000100000000)
  region size 1024K, 99 young (101376K), 12 survivors (12288K)
 Metaspace       used 82960K, capacity 85085K, committed 85248K, reserved 1122304K
  class space    used 10711K, capacity 11470K, committed 11596K, reserved 1048576K
}
Event: 11.061 GC heap after
{Heap after GC invocations=19 (full 0):
 garbage-first heap   total 227328K, used 78265K [0x0000000080000000, 0x0000000100000000)
  region size 1024K, 13 young (13312K), 13 survivors (13312K)
 Metaspace       used 82960K, capacity 85085K, committed 85248K, reserved 1122304K
  class space    used 10711K, capacity 11470K, committed 11596K, reserved 1048576K
}
Event: 12.014 GC heap before
{Heap before GC invocations=19 (full 0):
 garbage-first heap   total 227328K, used 176569K [0x0000000080000000, 0x0000000100000000)
  region size 1024K, 99 young (101376K), 13 survivors (13312K)
 Metaspace       used 83844K, capacity 86105K, committed 86400K, reserved 1124352K
  class space    used 10783K, capacity 11593K, committed 11724K, reserved 1048576K
}
Event: 12.044 GC heap after
{Heap after GC invocations=20 (full 0):
 garbage-first heap   total 227328K, used 100962K [0x0000000080000000, 0x0000000100000000)
  region size 1024K, 13 young (13312K), 13 survivors (13312K)
 Metaspace       used 83844K, capacity 86105K, committed 86400K, reserved 1124352K
  class space    used 10783K, capacity 11593K, committed 11724K, reserved 1048576K
}
Event: 13.041 GC heap before
{Heap before GC invocations=20 (full 0):
 garbage-first heap   total 227328K, used 170594K [0x0000000080000000, 0x0000000100000000)
  region size 1024K, 81 young (82944K), 13 survivors (13312K)
 Metaspace       used 86160K, capacity 88419K, committed 88576K, reserved 1126400K
  class space    used 11051K, capacity 11828K, committed 11852K, reserved 1048576K
}
Event: 13.057 GC heap after
{Heap after GC invocations=21 (full 0):
 garbage-first heap   total 273408K, used 107443K [0x0000000080000000, 0x0000000100000000)
  region size 1024K, 6 young (6144K), 6 survivors (6144K)
 Metaspace       used 86160K, capacity 88419K, committed 88576K, reserved 1126400K
  class space    used 11051K, capacity 11828K, committed 11852K, reserved 1048576K
}

