# JRE version: OpenJDK Runtime Environment (11.0.10) (build 11.0.10+0-b96-7249189)
# Java VM: OpenJDK 64-Bit Server VM (11.0.10+0-b96-7249189, mixed mode, tiered, compressed oops, g1 gc, windows-amd64)
Heap:
 garbage-first heap   total 273408K, used 219406K [0x0000000080000000, 0x0000000100000000)
  region size 1024K, 35 young (35840K), 7 survivors (7168K)
 Metaspace       used 88668K, capacity 90818K, committed 91264K, reserved 1128448K
  class space    used 11465K, capacity 12254K, committed 12416K, reserved 1048576K
GC Heap History (20 events):
Event: 4.874 GC heap before
{Heap before GC invocations=15 (full 0):
 garbage-first heap   total 189440K, used 127910K [0x0000000080000000, 0x0000000100000000)
  region size 1024K, 83 young (84992K), 9 survivors (9216K)
 Metaspace       used 68988K, capacity 70724K, committed 70784K, reserved 1110016K
  class space    used 8945K, capacity 9549K, committed 9600K, reserved 1048576K
}
Event: 4.883 GC heap after
{Heap after GC invocations=16 (full 0):
 garbage-first heap   total 189440K, used 57499K [0x0000000080000000, 0x0000000100000000)
  region size 1024K, 6 young (6144K), 6 survivors (6144K)
 Metaspace       used 68988K, capacity 70724K, committed 70784K, reserved 1110016K
  class space    used 8945K, capacity 9549K, committed 9600K, reserved 1048576K
}
Event: 5.402 GC heap before
{Heap before GC invocations=16 (full 0):
 garbage-first heap   total 189440K, used 132251K [0x0000000080000000, 0x0000000100000000)
  region size 1024K, 79 young (80896K), 6 survivors (6144K)
 Metaspace       used 75529K, capacity 77417K, committed 77696K, reserved 1116160K
  class space    used 9875K, capacity 10524K, committed 10624K, reserved 1048576K
}
Event: 5.409 GC heap after
{Heap after GC invocations=17 (full 0):
 garbage-first heap   total 189440K, used 61644K [0x0000000080000000, 0x0000000100000000)
  region size 1024K, 10 young (10240K), 10 survivors (10240K)
 Metaspace       used 75529K, capacity 77417K, committed 77696K, reserved 1116160K
  class space    used 9875K, capacity 10524K, committed 10624K, reserved 1048576K
}
Event: 5.961 GC heap before
{Heap before GC invocations=17 (full 0):
 garbage-first heap   total 189440K, used 136396K [0x0000000080000000, 0x0000000100000000)
  region size 1024K, 84 young (86016K), 10 survivors (10240K)
 Metaspace       used 79606K, capacity 81778K, committed 82048K, reserved 1120256K
  class space    used 10459K, capacity 11268K, committed 11392K, reserved 1048576K
}
Event: 5.975 GC heap after
{Heap after GC invocations=18 (full 0):
 garbage-first heap   total 227328K, used 68281K [0x0000000080000000, 0x0000000100000000)
  region size 1024K, 11 young (11264K), 11 survivors (11264K)
 Metaspace       used 79606K, capacity 81778K, committed 82048K, reserved 1120256K
  class space    used 10459K, capacity 11268K, committed 11392K, reserved 1048576K
}
Event: 6.529 GC heap before
{Heap before GC invocations=18 (full 0):
 garbage-first heap   total 227328K, used 154297K [0x0000000080000000, 0x0000000100000000)
  region size 1024K, 96 young (98304K), 11 survivors (11264K)
 Metaspace       used 80430K, capacity 82657K, committed 82816K, reserved 1120256K
  class space    used 10482K, capacity 11316K, committed 11392K, reserved 1048576K
}
Event: 6.542 GC heap after
{Heap after GC invocations=19 (full 0):
 garbage-first heap   total 227328K, used 73795K [0x0000000080000000, 0x0000000100000000)
  region size 1024K, 6 young (6144K), 6 survivors (6144K)
 Metaspace       used 80430K, capacity 82657K, committed 82816K, reserved 1120256K
  class space    used 10482K, capacity 11316K, committed 11392K, reserved 1048576K
}
Event: 6.957 GC heap before
{Heap before GC invocations=19 (full 0):
 garbage-first heap   total 227328K, used 162883K [0x0000000080000000, 0x0000000100000000)
  region size 1024K, 94 young (96256K), 6 survivors (6144K)
 Metaspace       used 80771K, capacity 82920K, committed 83072K, reserved 1120256K
  class space    used 10516K, capacity 11333K, committed 11392K, reserved 1048576K
}
Event: 6.967 GC heap after
{Heap after GC invocations=20 (full 0):
 garbage-first heap   total 227328K, used 78064K [0x0000000080000000, 0x0000000100000000)
  region size 1024K, 10 young (10240K), 10 survivors (10240K)
 Metaspace       used 80771K, capacity 82920K, committed 83072K, reserved 1120256K
  class space    used 10516K, capacity 11333K, committed 11392K, reserved 1048576K
}
Event: 7.329 GC heap before
{Heap before GC invocations=20 (full 0):
 garbage-first heap   total 227328K, used 170224K [0x0000000080000000, 0x0000000100000000)
  region size 1024K, 101 young (103424K), 10 survivors (10240K)
 Metaspace       used 83290K, capacity 85572K, committed 85760K, reserved 1124352K
  class space    used 10814K, capacity 11663K, committed 11776K, reserved 1048576K
}
Event: 7.338 GC heap after
{Heap after GC invocations=21 (full 0):
 garbage-first heap   total 227328K, used 81857K [0x0000000080000000, 0x0000000100000000)
  region size 1024K, 9 young (9216K), 9 survivors (9216K)
 Metaspace       used 83290K, capacity 85572K, committed 85760K, reserved 1124352K
  class space    used 10814K, capacity 11663K, committed 11776K, reserved 1048576K
}
Event: 7.626 GC heap before
{Heap before GC invocations=21 (full 0):
 garbage-first heap   total 227328K, used 189377K [0x0000000080000000, 0x0000000100000000)
  region size 1024K, 101 young (103424K), 9 survivors (9216K)
 Metaspace       used 85549K, capacity 87827K, committed 87936K, reserved 1126400K
  class space    used 11077K, capacity 11897K, committed 11904K, reserved 1048576K
}
Event: 7.637 GC heap after
{Heap after GC invocations=22 (full 0):
 garbage-first heap   total 273408K, used 106348K [0x0000000080000000, 0x0000000100000000)
  region size 1024K, 13 young (13312K), 13 survivors (13312K)
 Metaspace       used 85549K, capacity 87827K, committed 87936K, reserved 1126400K
  class space    used 11077K, capacity 11897K, committed 11904K, reserved 1048576K
}
Event: 7.873 GC heap before
{Heap before GC invocations=22 (full 0):
 garbage-first heap   total 273408K, used 170860K [0x0000000080000000, 0x0000000100000000)
  region size 1024K, 51 young (52224K), 13 survivors (13312K)
 Metaspace       used 88654K, capacity 90972K, committed 91264K, reserved 1128448K
  class space    used 11511K, capacity 12354K, committed 12416K, reserved 1048576K
}
Event: 7.884 GC heap after
{Heap after GC invocations=23 (full 0):
 garbage-first heap   total 273408K, used 133102K [0x0000000080000000, 0x0000000100000000)
  region size 1024K, 7 young (7168K), 7 survivors (7168K)
 Metaspace       used 88654K, capacity 90972K, committed 91264K, reserved 1128448K
  class space    used 11511K, capacity 12354K, committed 12416K, reserved 1048576K
}
Event: 8.089 GC heap before
{Heap before GC invocations=24 (full 0):
 garbage-first heap   total 273408K, used 215022K [0x0000000080000000, 0x0000000100000000)
  region size 1024K, 55 young (56320K), 7 survivors (7168K)
 Metaspace       used 88657K, capacity 90812K, committed 91264K, reserved 1128448K
  class space    used 11463K, capacity 12252K, committed 12416K, reserved 1048576K
}
Event: 8.137 GC heap after
{Heap after GC invocations=25 (full 0):
 garbage-first heap   total 273408K, used 171840K [0x0000000080000000, 0x0000000100000000)
  region size 1024K, 9 young (9216K), 9 survivors (9216K)
 Metaspace       used 88657K, capacity 90812K, committed 91264K, reserved 1128448K
  class space    used 11463K, capacity 12252K, committed 12416K, reserved 1048576K
}
Event: 8.298 GC heap before
{Heap before GC invocations=26 (full 0):
 garbage-first heap   total 273408K, used 211776K [0x0000000080000000, 0x0000000100000000)
  region size 1024K, 46 young (47104K), 9 survivors (9216K)
 Metaspace       used 88663K, capacity 90812K, committed 91264K, reserved 1128448K
  class space    used 11463K, capacity 12252K, committed 12416K, reserved 1048576K
}
Event: 8.329 GC heap after
{Heap after GC invocations=27 (full 0):
 garbage-first heap   total 273408K, used 187662K [0x0000000080000000, 0x0000000100000000)
  region size 1024K, 7 young (7168K), 7 survivors (7168K)
 Metaspace       used 88663K, capacity 90812K, committed 91264K, reserved 1128448K
  class space    used 11463K, capacity 12252K, committed 12416K, reserved 1048576K
}

