# JRE version: OpenJDK Runtime Environment (11.0.10) (build 11.0.10+0-b96-7249189)
# Java VM: OpenJDK 64-Bit Server VM (11.0.10+0-b96-7249189, mixed mode, tiered, compressed oops, g1 gc, windows-amd64)
Heap:
 garbage-first heap   total 273408K, used 204085K [0x0000000080000000, 0x0000000100000000)
  region size 1024K, 37 young (37888K), 10 survivors (10240K)
 Metaspace       used 90054K, capacity 92297K, committed 92748K, reserved 1130496K
  class space    used 11647K, capacity 12481K, committed 12620K, reserved 1048576K
GC Heap History (20 events):
Event: 4.731 GC heap before
{Heap before GC invocations=14 (full 0):
 garbage-first heap   total 189440K, used 121853K [0x0000000080000000, 0x0000000100000000)
  region size 1024K, 77 young (78848K), 7 survivors (7168K)
 Metaspace       used 68568K, capacity 70213K, committed 70476K, reserved 1110016K
  class space    used 8896K, capacity 9510K, committed 9548K, reserved 1048576K
}
Event: 4.739 GC heap after
{Heap after GC invocations=15 (full 0):
 garbage-first heap   total 189440K, used 55792K [0x0000000080000000, 0x0000000100000000)
  region size 1024K, 10 young (10240K), 10 survivors (10240K)
 Metaspace       used 68568K, capacity 70213K, committed 70476K, reserved 1110016K
  class space    used 8896K, capacity 9510K, committed 9548K, reserved 1048576K
}
Event: 5.196 GC heap before
{Heap before GC invocations=15 (full 0):
 garbage-first heap   total 189440K, used 128496K [0x0000000080000000, 0x0000000100000000)
  region size 1024K, 81 young (82944K), 10 survivors (10240K)
 Metaspace       used 74056K, capacity 75822K, committed 75980K, reserved 1114112K
  class space    used 9680K, capacity 10339K, committed 10444K, reserved 1048576K
}
Event: 5.205 GC heap after
{Heap after GC invocations=16 (full 0):
 garbage-first heap   total 189440K, used 60474K [0x0000000080000000, 0x0000000100000000)
  region size 1024K, 10 young (10240K), 10 survivors (10240K)
 Metaspace       used 74056K, capacity 75822K, committed 75980K, reserved 1114112K
  class space    used 9680K, capacity 10339K, committed 10444K, reserved 1048576K
}
Event: 5.761 GC heap before
{Heap before GC invocations=16 (full 0):
 garbage-first heap   total 189440K, used 133178K [0x0000000080000000, 0x0000000100000000)
  region size 1024K, 81 young (82944K), 10 survivors (10240K)
 Metaspace       used 78587K, capacity 80512K, committed 80588K, reserved 1118208K
  class space    used 10272K, capacity 10947K, committed 10956K, reserved 1048576K
}
Event: 5.771 GC heap after
{Heap after GC invocations=17 (full 0):
 garbage-first heap   total 189440K, used 67330K [0x0000000080000000, 0x0000000100000000)
  region size 1024K, 11 young (11264K), 11 survivors (11264K)
 Metaspace       used 78587K, capacity 80512K, committed 80588K, reserved 1118208K
  class space    used 10272K, capacity 10947K, committed 10956K, reserved 1048576K
}
Event: 6.117 GC heap before
{Heap before GC invocations=17 (full 0):
 garbage-first heap   total 189440K, used 137986K [0x0000000080000000, 0x0000000100000000)
  region size 1024K, 81 young (82944K), 11 survivors (11264K)
 Metaspace       used 79922K, capacity 82154K, committed 82252K, reserved 1120256K
  class space    used 10460K, capacity 11272K, committed 11340K, reserved 1048576K
}
Event: 6.130 GC heap after
{Heap after GC invocations=18 (full 0):
 garbage-first heap   total 227328K, used 73211K [0x0000000080000000, 0x0000000100000000)
  region size 1024K, 6 young (6144K), 6 survivors (6144K)
 Metaspace       used 79922K, capacity 82154K, committed 82252K, reserved 1120256K
  class space    used 10460K, capacity 11272K, committed 11340K, reserved 1048576K
}
Event: 6.461 GC heap before
{Heap before GC invocations=18 (full 0):
 garbage-first heap   total 227328K, used 156155K [0x0000000080000000, 0x0000000100000000)
  region size 1024K, 88 young (90112K), 6 survivors (6144K)
 Metaspace       used 80660K, capacity 82913K, committed 83020K, reserved 1120256K
  class space    used 10510K, capacity 11333K, committed 11340K, reserved 1048576K
}
Event: 6.470 GC heap after
{Heap after GC invocations=19 (full 0):
 garbage-first heap   total 227328K, used 77469K [0x0000000080000000, 0x0000000100000000)
  region size 1024K, 10 young (10240K), 10 survivors (10240K)
 Metaspace       used 80660K, capacity 82913K, committed 83020K, reserved 1120256K
  class space    used 10510K, capacity 11333K, committed 11340K, reserved 1048576K
}
Event: 6.965 GC heap before
{Heap before GC invocations=19 (full 0):
 garbage-first heap   total 227328K, used 165533K [0x0000000080000000, 0x0000000100000000)
  region size 1024K, 97 young (99328K), 10 survivors (10240K)
 Metaspace       used 85772K, capacity 88014K, committed 88268K, reserved 1126400K
  class space    used 11134K, capacity 11957K, committed 11980K, reserved 1048576K
}
Event: 6.976 GC heap after
{Heap after GC invocations=20 (full 0):
 garbage-first heap   total 227328K, used 81971K [0x0000000080000000, 0x0000000100000000)
  region size 1024K, 10 young (10240K), 10 survivors (10240K)
 Metaspace       used 85772K, capacity 88014K, committed 88268K, reserved 1126400K
  class space    used 11134K, capacity 11957K, committed 11980K, reserved 1048576K
}
Event: 7.165 GC heap before
{Heap before GC invocations=20 (full 0):
 garbage-first heap   total 227328K, used 179251K [0x0000000080000000, 0x0000000100000000)
  region size 1024K, 98 young (100352K), 10 survivors (10240K)
 Metaspace       used 86009K, capacity 88285K, committed 88524K, reserved 1126400K
  class space    used 11155K, capacity 11959K, committed 11980K, reserved 1048576K
}
Event: 7.175 GC heap after
{Heap after GC invocations=21 (full 0):
 garbage-first heap   total 227328K, used 85383K [0x0000000080000000, 0x0000000100000000)
  region size 1024K, 8 young (8192K), 8 survivors (8192K)
 Metaspace       used 86009K, capacity 88285K, committed 88524K, reserved 1126400K
  class space    used 11155K, capacity 11959K, committed 11980K, reserved 1048576K
}
Event: 7.352 GC heap before
{Heap before GC invocations=21 (full 0):
 garbage-first heap   total 227328K, used 152967K [0x0000000080000000, 0x0000000100000000)
  region size 1024K, 54 young (55296K), 8 survivors (8192K)
 Metaspace       used 86823K, capacity 89074K, committed 89164K, reserved 1126400K
  class space    used 11250K, capacity 12083K, committed 12108K, reserved 1048576K
}
Event: 7.364 GC heap after
{Heap after GC invocations=22 (full 0):
 garbage-first heap   total 273408K, used 117567K [0x0000000080000000, 0x0000000100000000)
  region size 1024K, 13 young (13312K), 13 survivors (13312K)
 Metaspace       used 86823K, capacity 89074K, committed 89164K, reserved 1126400K
  class space    used 11250K, capacity 12083K, committed 12108K, reserved 1048576K
}
Event: 7.636 GC heap before
{Heap before GC invocations=23 (full 0):
 garbage-first heap   total 273408K, used 200511K [0x0000000080000000, 0x0000000100000000)
  region size 1024K, 78 young (79872K), 13 survivors (13312K)
 Metaspace       used 89257K, capacity 91491K, committed 91852K, reserved 1128448K
  class space    used 11555K, capacity 12362K, committed 12492K, reserved 1048576K
}
Event: 7.646 GC heap after
{Heap after GC invocations=24 (full 0):
 garbage-first heap   total 273408K, used 135501K [0x0000000080000000, 0x0000000100000000)
  region size 1024K, 6 young (6144K), 6 survivors (6144K)
 Metaspace       used 89257K, capacity 91491K, committed 91852K, reserved 1128448K
  class space    used 11555K, capacity 12362K, committed 12492K, reserved 1048576K
}
Event: 7.849 GC heap before
{Heap before GC invocations=25 (full 0):
 garbage-first heap   total 273408K, used 223565K [0x0000000080000000, 0x0000000100000000)
  region size 1024K, 59 young (60416K), 6 survivors (6144K)
 Metaspace       used 90050K, capacity 92303K, committed 92748K, reserved 1130496K
  class space    used 11647K, capacity 12482K, committed 12620K, reserved 1048576K
}
Event: 7.892 GC heap after
{Heap after GC invocations=26 (full 0):
 garbage-first heap   total 273408K, used 174389K [0x0000000080000000, 0x0000000100000000)
  region size 1024K, 10 young (10240K), 10 survivors (10240K)
 Metaspace       used 90050K, capacity 92303K, committed 92748K, reserved 1130496K
  class space    used 11647K, capacity 12482K, committed 12620K, reserved 1048576K
}

