# JRE version: OpenJDK Runtime Environment (11.0.10) (build 11.0.10+0-b96-7249189)
# Java VM: OpenJDK 64-Bit Server VM (11.0.10+0-b96-7249189, mixed mode, tiered, compressed oops, g1 gc, windows-amd64)
Heap:
 garbage-first heap   total 423936K, used 208350K [0x0000000080000000, 0x0000000100000000)
  region size 1024K, 6 young (6144K), 6 survivors (6144K)
 Metaspace       used 88528K, capacity 90699K, committed 91264K, reserved 1128448K
  class space    used 11439K, capacity 12217K, committed 12416K, reserved 1048576K
GC Heap History (20 events):
Event: 4.361 GC heap after
{Heap after GC invocations=14 (full 0):
 garbage-first heap   total 189440K, used 52009K [0x0000000080000000, 0x0000000100000000)
  region size 1024K, 9 young (9216K), 9 survivors (9216K)
 Metaspace       used 63335K, capacity 64944K, committed 65024K, reserved 1105920K
  class space    used 8078K, capacity 8638K, committed 8704K, reserved 1048576K
}
Event: 4.862 GC heap before
{Heap before GC invocations=15 (full 0):
 garbage-first heap   total 189440K, used 126761K [0x0000000080000000, 0x0000000100000000)
  region size 1024K, 82 young (83968K), 9 survivors (9216K)
 Metaspace       used 68714K, capacity 70355K, committed 70528K, reserved 1110016K
  class space    used 8909K, capacity 9514K, committed 9600K, reserved 1048576K
}
Event: 4.872 GC heap after
{Heap after GC invocations=16 (full 0):
 garbage-first heap   total 189440K, used 57247K [0x0000000080000000, 0x0000000100000000)
  region size 1024K, 6 young (6144K), 6 survivors (6144K)
 Metaspace       used 68714K, capacity 70355K, committed 70528K, reserved 1110016K
  class space    used 8909K, capacity 9514K, committed 9600K, reserved 1048576K
}
Event: 5.397 GC heap before
{Heap before GC invocations=16 (full 0):
 garbage-first heap   total 189440K, used 131999K [0x0000000080000000, 0x0000000100000000)
  region size 1024K, 79 young (80896K), 6 survivors (6144K)
 Metaspace       used 74375K, capacity 76245K, committed 76544K, reserved 1116160K
  class space    used 9744K, capacity 10390K, committed 10496K, reserved 1048576K
}
Event: 5.404 GC heap after
{Heap after GC invocations=17 (full 0):
 garbage-first heap   total 229376K, used 61585K [0x0000000080000000, 0x0000000100000000)
  region size 1024K, 10 young (10240K), 10 survivors (10240K)
 Metaspace       used 74375K, capacity 76245K, committed 76544K, reserved 1116160K
  class space    used 9744K, capacity 10390K, committed 10496K, reserved 1048576K
}
Event: 6.074 GC heap before
{Heap before GC invocations=17 (full 0):
 garbage-first heap   total 229376K, used 153745K [0x0000000080000000, 0x0000000100000000)
  region size 1024K, 101 young (103424K), 10 survivors (10240K)
 Metaspace       used 79668K, capacity 81842K, committed 81920K, reserved 1120256K
  class space    used 10458K, capacity 11246K, committed 11264K, reserved 1048576K
}
Event: 6.085 GC heap after
{Heap after GC invocations=18 (full 0):
 garbage-first heap   total 229376K, used 69840K [0x0000000080000000, 0x0000000100000000)
  region size 1024K, 13 young (13312K), 13 survivors (13312K)
 Metaspace       used 79668K, capacity 81842K, committed 81920K, reserved 1120256K
  class space    used 10458K, capacity 11246K, committed 11264K, reserved 1048576K
}
Event: 6.507 GC heap before
{Heap before GC invocations=18 (full 0):
 garbage-first heap   total 229376K, used 166096K [0x0000000080000000, 0x0000000100000000)
  region size 1024K, 108 young (110592K), 13 survivors (13312K)
 Metaspace       used 80587K, capacity 82782K, committed 83072K, reserved 1120256K
  class space    used 10506K, capacity 11338K, committed 11392K, reserved 1048576K
}
Event: 6.518 GC heap after
{Heap after GC invocations=19 (full 0):
 garbage-first heap   total 229376K, used 75294K [0x0000000080000000, 0x0000000100000000)
  region size 1024K, 6 young (6144K), 6 survivors (6144K)
 Metaspace       used 80587K, capacity 82782K, committed 83072K, reserved 1120256K
  class space    used 10506K, capacity 11338K, committed 11392K, reserved 1048576K
}
Event: 6.851 GC heap before
{Heap before GC invocations=19 (full 0):
 garbage-first heap   total 229376K, used 172574K [0x0000000080000000, 0x0000000100000000)
  region size 1024K, 102 young (104448K), 6 survivors (6144K)
 Metaspace       used 82105K, capacity 84421K, committed 84480K, reserved 1122304K
  class space    used 10645K, capacity 11476K, committed 11520K, reserved 1048576K
}
Event: 6.860 GC heap after
{Heap after GC invocations=20 (full 0):
 garbage-first heap   total 229376K, used 79838K [0x0000000080000000, 0x0000000100000000)
  region size 1024K, 11 young (11264K), 11 survivors (11264K)
 Metaspace       used 82105K, capacity 84421K, committed 84480K, reserved 1122304K
  class space    used 10645K, capacity 11476K, committed 11520K, reserved 1048576K
}
Event: 7.197 GC heap before
{Heap before GC invocations=20 (full 0):
 garbage-first heap   total 229376K, used 176094K [0x0000000080000000, 0x0000000100000000)
  region size 1024K, 106 young (108544K), 11 survivors (11264K)
 Metaspace       used 83717K, capacity 86057K, committed 86272K, reserved 1124352K
  class space    used 10864K, capacity 11700K, committed 11776K, reserved 1048576K
}
Event: 7.207 GC heap after
{Heap after GC invocations=21 (full 0):
 garbage-first heap   total 275456K, used 83622K [0x0000000080000000, 0x0000000100000000)
  region size 1024K, 9 young (9216K), 9 survivors (9216K)
 Metaspace       used 83717K, capacity 86057K, committed 86272K, reserved 1124352K
  class space    used 10864K, capacity 11700K, committed 11776K, reserved 1048576K
}
Event: 7.619 GC heap before
{Heap before GC invocations=21 (full 0):
 garbage-first heap   total 275456K, used 220838K [0x0000000080000000, 0x0000000100000000)
  region size 1024K, 100 young (102400K), 9 survivors (9216K)
 Metaspace       used 88532K, capacity 90830K, committed 91008K, reserved 1128448K
  class space    used 11497K, capacity 12331K, committed 12416K, reserved 1048576K
}
Event: 7.634 GC heap after
{Heap after GC invocations=22 (full 0):
 garbage-first heap   total 275456K, used 136630K [0x0000000080000000, 0x0000000100000000)
  region size 1024K, 16 young (16384K), 16 survivors (16384K)
 Metaspace       used 88532K, capacity 90830K, committed 91008K, reserved 1128448K
  class space    used 11497K, capacity 12331K, committed 12416K, reserved 1048576K
}
Event: 7.797 GC heap before
{Heap before GC invocations=23 (full 0):
 garbage-first heap   total 275456K, used 214454K [0x0000000080000000, 0x0000000100000000)
  region size 1024K, 64 young (65536K), 16 survivors (16384K)
 Metaspace       used 88521K, capacity 90699K, committed 91264K, reserved 1128448K
  class space    used 11439K, capacity 12217K, committed 12416K, reserved 1048576K
}
Event: 7.849 GC heap after
{Heap after GC invocations=24 (full 0):
 garbage-first heap   total 275456K, used 171228K [0x0000000080000000, 0x0000000100000000)
  region size 1024K, 13 young (13312K), 13 survivors (13312K)
 Metaspace       used 88521K, capacity 90699K, committed 91264K, reserved 1128448K
  class space    used 11439K, capacity 12217K, committed 12416K, reserved 1048576K
}
Event: 8.024 GC heap before
{Heap before GC invocations=25 (full 0):
 garbage-first heap   total 275456K, used 210140K [0x0000000080000000, 0x0000000100000000)
  region size 1024K, 49 young (50176K), 13 survivors (13312K)
 Metaspace       used 88528K, capacity 90699K, committed 91264K, reserved 1128448K
  class space    used 11439K, capacity 12217K, committed 12416K, reserved 1048576K
}
Event: 8.057 GC heap after
{Heap after GC invocations=26 (full 0):
 garbage-first heap   total 275456K, used 188037K [0x0000000080000000, 0x0000000100000000)
  region size 1024K, 8 young (8192K), 8 survivors (8192K)
 Metaspace       used 88528K, capacity 90699K, committed 91264K, reserved 1128448K
  class space    used 11439K, capacity 12217K, committed 12416K, reserved 1048576K
}
Event: 8.199 GC heap before
{Heap before GC invocations=26 (full 0):
 garbage-first heap   total 275456K, used 226949K [0x0000000080000000, 0x0000000100000000)
  region size 1024K, 42 young (43008K), 8 survivors (8192K)
 Metaspace       used 88528K, capacity 90699K, committed 91264K, reserved 1128448K
  class space    used 11439K, capacity 12217K, committed 12416K, reserved 1048576K
}

