# JRE version: OpenJDK Runtime Environment (11.0.10) (build 11.0.10+0-b96-7249189)
# Java VM: OpenJDK 64-Bit Server VM (11.0.10+0-b96-7249189, mixed mode, tiered, compressed oops, g1 gc, windows-amd64)
Heap:
 garbage-first heap   total 310272K, used 110016K [0x0000000080000000, 0x0000000100000000)
  region size 1024K, 1 young (1024K), 1 survivors (1024K)
 Metaspace       used 131248K, capacity 135686K, committed 135808K, reserved 1167360K
  class space    used 16030K, capacity 17601K, committed 17612K, reserved 1048576K
GC Heap History (20 events):
Event: 4741.583 GC heap after
{Heap after GC invocations=148 (full 0):
 garbage-first heap   total 227328K, used 132385K [0x0000000080000000, 0x0000000100000000)
  region size 1024K, 1 young (1024K), 1 survivors (1024K)
 Metaspace       used 126547K, capacity 130976K, committed 131200K, reserved 1163264K
  class space    used 15670K, capacity 17234K, committed 17356K, reserved 1048576K
}
Event: 4741.715 GC heap before
{Heap before GC invocations=148 (full 0):
 garbage-first heap   total 227328K, used 151841K [0x0000000080000000, 0x0000000100000000)
  region size 1024K, 21 young (21504K), 1 survivors (1024K)
 Metaspace       used 126826K, capacity 131265K, committed 131456K, reserved 1163264K
  class space    used 15697K, capacity 17288K, committed 17356K, reserved 1048576K
}
Event: 4741.722 GC heap after
{Heap after GC invocations=149 (full 0):
 garbage-first heap   total 227328K, used 133680K [0x0000000080000000, 0x0000000100000000)
  region size 1024K, 3 young (3072K), 3 survivors (3072K)
 Metaspace       used 126826K, capacity 131265K, committed 131456K, reserved 1163264K
  class space    used 15697K, capacity 17288K, committed 17356K, reserved 1048576K
}
Event: 4742.174 GC heap before
{Heap before GC invocations=150 (full 0):
 garbage-first heap   total 227328K, used 188976K [0x0000000080000000, 0x0000000100000000)
  region size 1024K, 49 young (50176K), 3 survivors (3072K)
 Metaspace       used 126982K, capacity 131467K, committed 131712K, reserved 1163264K
  class space    used 15700K, capacity 17290K, committed 17356K, reserved 1048576K
}
Event: 4742.185 GC heap after
{Heap after GC invocations=151 (full 0):
 garbage-first heap   total 227328K, used 137211K [0x0000000080000000, 0x0000000100000000)
  region size 1024K, 6 young (6144K), 6 survivors (6144K)
 Metaspace       used 126982K, capacity 131467K, committed 131712K, reserved 1163264K
  class space    used 15700K, capacity 17290K, committed 17356K, reserved 1048576K
}
Event: 4742.199 GC heap before
{Heap before GC invocations=151 (full 0):
 garbage-first heap   total 227328K, used 142331K [0x0000000080000000, 0x0000000100000000)
  region size 1024K, 11 young (11264K), 6 survivors (6144K)
 Metaspace       used 126982K, capacity 131467K, committed 131712K, reserved 1163264K
  class space    used 15700K, capacity 17290K, committed 17356K, reserved 1048576K
}
Event: 4742.206 GC heap after
{Heap after GC invocations=152 (full 0):
 garbage-first heap   total 227328K, used 136938K [0x0000000080000000, 0x0000000100000000)
  region size 1024K, 1 young (1024K), 1 survivors (1024K)
 Metaspace       used 126982K, capacity 131467K, committed 131712K, reserved 1163264K
  class space    used 15700K, capacity 17290K, committed 17356K, reserved 1048576K
}
Event: 4742.456 GC heap before
{Heap before GC invocations=152 (full 0):
 garbage-first heap   total 227328K, used 184042K [0x0000000080000000, 0x0000000100000000)
  region size 1024K, 47 young (48128K), 1 survivors (1024K)
 Metaspace       used 126990K, capacity 131467K, committed 131712K, reserved 1163264K
  class space    used 15700K, capacity 17290K, committed 17356K, reserved 1048576K
}
Event: 4742.459 GC heap after
{Heap after GC invocations=153 (full 0):
 garbage-first heap   total 227328K, used 136274K [0x0000000080000000, 0x0000000100000000)
  region size 1024K, 1 young (1024K), 1 survivors (1024K)
 Metaspace       used 126990K, capacity 131467K, committed 131712K, reserved 1163264K
  class space    used 15700K, capacity 17290K, committed 17356K, reserved 1048576K
}
Event: 4742.688 GC heap before
{Heap before GC invocations=154 (full 0):
 garbage-first heap   total 227328K, used 203858K [0x0000000080000000, 0x0000000100000000)
  region size 1024K, 50 young (51200K), 1 survivors (1024K)
 Metaspace       used 127178K, capacity 131631K, committed 131712K, reserved 1163264K
  class space    used 15710K, capacity 17299K, committed 17356K, reserved 1048576K
}
Event: 4742.693 GC heap after
{Heap after GC invocations=155 (full 0):
 garbage-first heap   total 227328K, used 139060K [0x0000000080000000, 0x0000000100000000)
  region size 1024K, 3 young (3072K), 3 survivors (3072K)
 Metaspace       used 127178K, capacity 131631K, committed 131712K, reserved 1163264K
  class space    used 15710K, capacity 17299K, committed 17356K, reserved 1048576K
}
Event: 4742.779 GC heap before
{Heap before GC invocations=155 (full 0):
 garbage-first heap   total 227328K, used 147252K [0x0000000080000000, 0x0000000100000000)
  region size 1024K, 11 young (11264K), 3 survivors (3072K)
 Metaspace       used 127653K, capacity 132183K, committed 132224K, reserved 1165312K
  class space    used 15755K, capacity 17332K, committed 17356K, reserved 1048576K
}
Event: 4742.783 GC heap after
{Heap after GC invocations=156 (full 0):
 garbage-first heap   total 227328K, used 139979K [0x0000000080000000, 0x0000000100000000)
  region size 1024K, 2 young (2048K), 2 survivors (2048K)
 Metaspace       used 127653K, capacity 132183K, committed 132224K, reserved 1165312K
  class space    used 15755K, capacity 17332K, committed 17356K, reserved 1048576K
}
Event: 4743.032 GC heap before
{Heap before GC invocations=156 (full 0):
 garbage-first heap   total 227328K, used 188107K [0x0000000080000000, 0x0000000100000000)
  region size 1024K, 49 young (50176K), 2 survivors (2048K)
 Metaspace       used 129758K, capacity 134269K, committed 134528K, reserved 1167360K
  class space    used 15908K, capacity 17493K, committed 17612K, reserved 1048576K
}
Event: 4743.047 GC heap after
{Heap after GC invocations=157 (full 0):
 garbage-first heap   total 227328K, used 143930K [0x0000000080000000, 0x0000000100000000)
  region size 1024K, 6 young (6144K), 6 survivors (6144K)
 Metaspace       used 129758K, capacity 134269K, committed 134528K, reserved 1167360K
  class space    used 15908K, capacity 17493K, committed 17612K, reserved 1048576K
}
Event: 4743.234 GC heap before
{Heap before GC invocations=158 (full 0):
 garbage-first heap   total 227328K, used 168506K [0x0000000080000000, 0x0000000100000000)
  region size 1024K, 50 young (51200K), 6 survivors (6144K)
 Metaspace       used 130523K, capacity 135049K, committed 135296K, reserved 1167360K
  class space    used 15983K, capacity 17561K, committed 17612K, reserved 1048576K
}
Event: 4743.239 GC heap after
{Heap after GC invocations=159 (full 0):
 garbage-first heap   total 227328K, used 121477K [0x0000000080000000, 0x0000000100000000)
  region size 1024K, 1 young (1024K), 1 survivors (1024K)
 Metaspace       used 130523K, capacity 135049K, committed 135296K, reserved 1167360K
  class space    used 15983K, capacity 17561K, committed 17612K, reserved 1048576K
}
Event: 4743.262 GC heap before
{Heap before GC invocations=159 (full 0):
 garbage-first heap   total 227328K, used 131717K [0x0000000080000000, 0x0000000100000000)
  region size 1024K, 11 young (11264K), 1 survivors (1024K)
 Metaspace       used 130539K, capacity 135050K, committed 135296K, reserved 1167360K
  class space    used 15983K, capacity 17561K, committed 17612K, reserved 1048576K
}
Event: 4743.275 GC heap after
{Heap after GC invocations=160 (full 0):
 garbage-first heap   total 227328K, used 110298K [0x0000000080000000, 0x0000000100000000)
  region size 1024K, 1 young (1024K), 1 survivors (1024K)
 Metaspace       used 130539K, capacity 135050K, committed 135296K, reserved 1167360K
  class space    used 15983K, capacity 17561K, committed 17612K, reserved 1048576K
}
Event: 4743.527 GC heap before
{Heap before GC invocations=160 (full 0):
 garbage-first heap   total 227328K, used 184026K [0x0000000080000000, 0x0000000100000000)
  region size 1024K, 74 young (75776K), 1 survivors (1024K)
 Metaspace       used 131248K, capacity 135686K, committed 135808K, reserved 1167360K
  class space    used 16030K, capacity 17601K, committed 17612K, reserved 1048576K
}

