# JRE version: OpenJDK Runtime Environment (11.0.10) (build 11.0.10+0-b96-7249189)
# Java VM: OpenJDK 64-Bit Server VM (11.0.10+0-b96-7249189, mixed mode, tiered, compressed oops, g1 gc, windows-amd64)
Heap:
 garbage-first heap   total 273408K, used 153673K [0x0000000080000000, 0x0000000100000000)
  region size 1024K, 45 young (46080K), 3 survivors (3072K)
 Metaspace       used 96693K, capacity 98963K, committed 99276K, reserved 1136640K
  class space    used 12007K, capacity 12810K, committed 13004K, reserved 1048576K
GC Heap History (20 events):
Event: 5.251 GC heap before
{Heap before GC invocations=16 (full 0):
 garbage-first heap   total 189440K, used 127216K [0x0000000080000000, 0x0000000100000000)
  region size 1024K, 74 young (75776K), 6 survivors (6144K)
 Metaspace       used 74093K, capacity 75842K, committed 75980K, reserved 1114112K
  class space    used 9679K, capacity 10341K, committed 10444K, reserved 1048576K
}
Event: 5.259 GC heap after
{Heap after GC invocations=17 (full 0):
 garbage-first heap   total 227328K, used 61795K [0x0000000080000000, 0x0000000100000000)
  region size 1024K, 5 young (5120K), 5 survivors (5120K)
 Metaspace       used 74093K, capacity 75842K, committed 75980K, reserved 1114112K
  class space    used 9679K, capacity 10341K, committed 10444K, reserved 1048576K
}
Event: 5.906 GC heap before
{Heap before GC invocations=17 (full 0):
 garbage-first heap   total 227328K, used 149859K [0x0000000080000000, 0x0000000100000000)
  region size 1024K, 91 young (93184K), 5 survivors (5120K)
 Metaspace       used 79488K, capacity 81714K, committed 81996K, reserved 1120256K
  class space    used 10444K, capacity 11219K, committed 11340K, reserved 1048576K
}
Event: 5.914 GC heap after
{Heap after GC invocations=18 (full 0):
 garbage-first heap   total 227328K, used 69075K [0x0000000080000000, 0x0000000100000000)
  region size 1024K, 12 young (12288K), 12 survivors (12288K)
 Metaspace       used 79488K, capacity 81714K, committed 81996K, reserved 1120256K
  class space    used 10444K, capacity 11219K, committed 11340K, reserved 1048576K
}
Event: 6.279 GC heap before
{Heap before GC invocations=18 (full 0):
 garbage-first heap   total 227328K, used 157139K [0x0000000080000000, 0x0000000100000000)
  region size 1024K, 99 young (101376K), 12 survivors (12288K)
 Metaspace       used 80284K, capacity 82553K, committed 82764K, reserved 1120256K
  class space    used 10469K, capacity 11304K, committed 11340K, reserved 1048576K
}
Event: 6.291 GC heap after
{Heap after GC invocations=19 (full 0):
 garbage-first heap   total 227328K, used 74771K [0x0000000080000000, 0x0000000100000000)
  region size 1024K, 6 young (6144K), 6 survivors (6144K)
 Metaspace       used 80284K, capacity 82553K, committed 82764K, reserved 1120256K
  class space    used 10469K, capacity 11304K, committed 11340K, reserved 1048576K
}
Event: 6.962 GC heap before
{Heap before GC invocations=19 (full 0):
 garbage-first heap   total 227328K, used 163859K [0x0000000080000000, 0x0000000100000000)
  region size 1024K, 94 young (96256K), 6 survivors (6144K)
 Metaspace       used 82513K, capacity 84771K, committed 85068K, reserved 1122304K
  class space    used 10657K, capacity 11480K, committed 11596K, reserved 1048576K
}
Event: 6.972 GC heap after
{Heap after GC invocations=20 (full 0):
 garbage-first heap   total 227328K, used 84992K [0x0000000080000000, 0x0000000100000000)
  region size 1024K, 12 young (12288K), 12 survivors (12288K)
 Metaspace       used 82513K, capacity 84771K, committed 85068K, reserved 1122304K
  class space    used 10657K, capacity 11480K, committed 11596K, reserved 1048576K
}
Event: 7.445 GC heap before
{Heap before GC invocations=20 (full 0):
 garbage-first heap   total 227328K, used 179200K [0x0000000080000000, 0x0000000100000000)
  region size 1024K, 94 young (96256K), 12 survivors (12288K)
 Metaspace       used 83520K, capacity 85831K, committed 86092K, reserved 1124352K
  class space    used 10760K, capacity 11574K, committed 11596K, reserved 1048576K
}
Event: 7.463 GC heap after
{Heap after GC invocations=21 (full 0):
 garbage-first heap   total 273408K, used 104448K [0x0000000080000000, 0x0000000100000000)
  region size 1024K, 12 young (12288K), 12 survivors (12288K)
 Metaspace       used 83520K, capacity 85831K, committed 86092K, reserved 1124352K
  class space    used 10760K, capacity 11574K, committed 11596K, reserved 1048576K
}
Event: 7.894 GC heap before
{Heap before GC invocations=21 (full 0):
 garbage-first heap   total 273408K, used 194560K [0x0000000080000000, 0x0000000100000000)
  region size 1024K, 100 young (102400K), 12 survivors (12288K)
 Metaspace       used 85820K, capacity 88113K, committed 88140K, reserved 1126400K
  class space    used 11028K, capacity 11841K, committed 11852K, reserved 1048576K
}
Event: 7.903 GC heap after
{Heap after GC invocations=22 (full 0):
 garbage-first heap   total 273408K, used 109420K [0x0000000080000000, 0x0000000100000000)
  region size 1024K, 4 young (4096K), 4 survivors (4096K)
 Metaspace       used 85820K, capacity 88113K, committed 88140K, reserved 1126400K
  class space    used 11028K, capacity 11841K, committed 11852K, reserved 1048576K
}
Event: 8.106 GC heap before
{Heap before GC invocations=22 (full 0):
 garbage-first heap   total 273408K, used 161644K [0x0000000080000000, 0x0000000100000000)
  region size 1024K, 44 young (45056K), 4 survivors (4096K)
 Metaspace       used 85966K, capacity 88247K, committed 88396K, reserved 1126400K
  class space    used 11036K, capacity 11843K, committed 11852K, reserved 1048576K
}
Event: 8.114 GC heap after
{Heap after GC invocations=23 (full 0):
 garbage-first heap   total 273408K, used 118411K [0x0000000080000000, 0x0000000100000000)
  region size 1024K, 9 young (9216K), 9 survivors (9216K)
 Metaspace       used 85966K, capacity 88247K, committed 88396K, reserved 1126400K
  class space    used 11036K, capacity 11843K, committed 11852K, reserved 1048576K
}
Event: 8.505 GC heap before
{Heap before GC invocations=24 (full 0):
 garbage-first heap   total 273408K, used 207499K [0x0000000080000000, 0x0000000100000000)
  region size 1024K, 93 young (95232K), 9 survivors (9216K)
 Metaspace       used 89731K, capacity 91967K, committed 92620K, reserved 1130496K
  class space    used 11269K, capacity 12053K, committed 12236K, reserved 1048576K
}
Event: 8.516 GC heap after
{Heap after GC invocations=25 (full 0):
 garbage-first heap   total 273408K, used 117161K [0x0000000080000000, 0x0000000100000000)
  region size 1024K, 8 young (8192K), 8 survivors (8192K)
 Metaspace       used 89731K, capacity 91967K, committed 92620K, reserved 1130496K
  class space    used 11269K, capacity 12053K, committed 12236K, reserved 1048576K
}
Event: 8.790 GC heap before
{Heap before GC invocations=25 (full 0):
 garbage-first heap   total 273408K, used 205225K [0x0000000080000000, 0x0000000100000000)
  region size 1024K, 95 young (97280K), 8 survivors (8192K)
 Metaspace       used 91138K, capacity 93347K, committed 93772K, reserved 1130496K
  class space    used 11371K, capacity 12166K, committed 12364K, reserved 1048576K
}
Event: 8.794 GC heap after
{Heap after GC invocations=26 (full 0):
 garbage-first heap   total 273408K, used 111167K [0x0000000080000000, 0x0000000100000000)
  region size 1024K, 2 young (2048K), 2 survivors (2048K)
 Metaspace       used 91138K, capacity 93347K, committed 93772K, reserved 1130496K
  class space    used 11371K, capacity 12166K, committed 12364K, reserved 1048576K
}
Event: 9.356 GC heap before
{Heap before GC invocations=26 (full 0):
 garbage-first heap   total 273408K, used 206399K [0x0000000080000000, 0x0000000100000000)
  region size 1024K, 96 young (98304K), 2 survivors (2048K)
 Metaspace       used 93969K, capacity 96240K, committed 96588K, reserved 1132544K
  class space    used 11667K, capacity 12457K, committed 12620K, reserved 1048576K
}
Event: 9.359 GC heap after
{Heap after GC invocations=27 (full 0):
 garbage-first heap   total 273408K, used 112713K [0x0000000080000000, 0x0000000100000000)
  region size 1024K, 3 young (3072K), 3 survivors (3072K)
 Metaspace       used 93969K, capacity 96240K, committed 96588K, reserved 1132544K
  class space    used 11667K, capacity 12457K, committed 12620K, reserved 1048576K
}

